<?xml version="1.0" encoding="utf-8"?><testsuites name="pytest tests"><testsuite name="pytest" errors="0" failures="0" skipped="0" tests="9" time="1.163" timestamp="2026-09-09T06:48:18.015984+00:00" hostname="agent-env-2e859e3c-c8af-46b3-b47e-af63c023870b"><testcase classname="tests.test_retina_api" name="test_health_and_samples" time="0.352" /><testcase classname="tests.test_lesions_and_history" name="test_dr_02_lesions_nonempty_and_wellformed" time="0.260" /><testcase classname="tests.test_lesions_and_history" name="test_dr_02_lesions_deterministic" time="0.172" /><testcase classname="tests.test_retina_api" name="test_predict_normal_demo_has_clinical_fields" time="0.148" /><testcase classname="tests.test_lesions_and_history" name="test_normal_01_lesions_empty" time="0.126" /><testcase classname="tests.test_retina_api" name="test_predict_without_image_returns_validation_error" time="0.127" /><testcase classname="tests.test_lesions_and_history" name="test_dr_mild_03_only_microaneurysms" time="0.106" /><testcase classname="tests.test_retina_api" name="test_screenings_history_contains_created_result" time="0.145" /><testcase classname="tests.test_lesions_and_history" name="test_screenings_records_include_lesions_field" time="0.170" /></testsuite></testsuites>