<?xml version="1.0" encoding="utf-8"?><testsuites name="pytest tests"><testsuite name="pytest" errors="0" failures="0" skipped="0" tests="4" time="1.177" timestamp="2026-09-09T06:17:59.731329+00:00" hostname="agent-env-2e859e3c-c8af-46b3-b47e-af63c023870b"><testcase classname="tests.test_retina_api" name="test_health_and_samples" time="0.397" /><testcase classname="tests.test_retina_api" name="test_predict_normal_demo_has_clinical_fields" time="0.088" /><testcase classname="tests.test_retina_api" name="test_predict_without_image_returns_validation_error" time="0.217" /><testcase classname="tests.test_retina_api" name="test_screenings_history_contains_created_result" time="0.153" /></testsuite></testsuites>